<?xml version="1.0" encoding="UTF-8"?>
<!-- Generated by org.testng.reporters.JUnitXMLReporter -->
<testsuite hostname="7BZL4Z1" name="Regression suite 1" tests="8" failures="2" timestamp="17 Jun 2016 11:00:01 GMT" time="1791.004" errors="0">
  <testcase name="attach_To_Single_RecordFrom_SenderList_With_Attachments" time="221.707" classname="com.test.Attach_mail_and_Verify_In_NS"/>
  <testcase name="attach_To_Single_RecordFrom_SenderList_Without_Attachments" time="188.454" classname="com.test.Attach_mail_and_Verify_In_NS"/>
  <testcase name="attach_To_Multiple_RecordsFrom_SenderList_With_Attachments" time="371.417" classname="com.test.Attach_mail_and_Verify_In_NS"/>
  <testcase name="attach_To_Multiple_RecordsFrom_SenderList_Without_Attachments" time="358.709" classname="com.test.Attach_mail_and_Verify_In_NS"/>
  <testcase name="attach_To_Single_RecordFrom_ContextualList_With_Attachments" time="202.013" classname="com.test.Attach_mail_and_Verify_In_NS"/>
  <testcase name="attach_To_Single_RecordFrom_ContextualList_Without_Attachments" time="186.099" classname="com.test.Attach_mail_and_Verify_In_NS"/>
  <testcase name="attach_To_Multiple_RecordsFrom_ContextualList_With_Attachments" time="128.828" classname="com.test.Attach_mail_and_Verify_In_NS">
    <failure type="org.openqa.selenium.NoSuchElementException" message="no such element: Unable to locate element: {&amp;quot;method&amp;quot;:&amp;quot;css selector&amp;quot;,&amp;quot;selector&amp;quot;:&amp;quot;div[class=&amp;apos;loading&amp;apos;]&amp;quot;}
  (Session info: chrome=51.0.2704.84)
  (Driver info: chromedriver=2.20.353145 (343b531d31eeb933ec778dbcf7081628a1396067),platform=Windows NT 6.3 x86_64) (WARNING: The server did not provide any stacktrace information)
Command duration or timeout: 20.04 seconds
For documentation on this error, please visit: http://seleniumhq.org/exceptions/no_such_element.html
Build info: version: &amp;apos;2.48.2&amp;apos;, revision: &amp;apos;41bccdd&amp;apos;, time: &amp;apos;2015-10-09 19:59:12&amp;apos;
System info: host: &amp;apos;7BZL4Z1&amp;apos;, ip: &amp;apos;192.168.1.15&amp;apos;, os.name: &amp;apos;Windows 8.1&amp;apos;, os.arch: &amp;apos;amd64&amp;apos;, os.version: &amp;apos;6.3&amp;apos;, java.version: &amp;apos;1.8.0_91&amp;apos;
Driver info: org.openqa.selenium.chrome.ChromeDriver
Capabilities [{applicationCacheEnabled=false, rotatable=false, mobileEmulationEnabled=false, chrome={userDataDir=C:\Users\Mazhar_2\AppData\Local\Temp\scoped_dir2416_31645}, takesHeapSnapshot=true, databaseEnabled=false, handlesAlerts=true, hasTouchScreen=false, version=51.0.2704.84, platform=WIN8_1, browserConnectionEnabled=false, nativeEvents=true, acceptSslCerts=true, locationContextEnabled=true, webStorageEnabled=true, browserName=chrome, takesScreenshot=true, javascriptEnabled=true, cssSelectorsEnabled=true}]
Session ID: 25773fb28df9bd8a7e4c06d4e4faa8b9
*** Element info: {Using=css selector, value=div[class=&amp;apos;loading&amp;apos;]}">
      <![CDATA[org.openqa.selenium.NoSuchElementException: no such element: Unable to locate element: {"method":"css selector","selector":"div[class='loading']"}
  (Session info: chrome=51.0.2704.84)
  (Driver info: chromedriver=2.20.353145 (343b531d31eeb933ec778dbcf7081628a1396067),platform=Windows NT 6.3 x86_64) (WARNING: The server did not provide any stacktrace information)
Command duration or timeout: 20.04 seconds
For documentation on this error, please visit: http://seleniumhq.org/exceptions/no_such_element.html
Build info: version: '2.48.2', revision: '41bccdd', time: '2015-10-09 19:59:12'
System info: host: '7BZL4Z1', ip: '192.168.1.15', os.name: 'Windows 8.1', os.arch: 'amd64', os.version: '6.3', java.version: '1.8.0_91'
Driver info: org.openqa.selenium.chrome.ChromeDriver
Capabilities [{applicationCacheEnabled=false, rotatable=false, mobileEmulationEnabled=false, chrome={userDataDir=C:\Users\Mazhar_2\AppData\Local\Temp\scoped_dir2416_31645}, takesHeapSnapshot=true, databaseEnabled=false, handlesAlerts=true, hasTouchScreen=false, version=51.0.2704.84, platform=WIN8_1, browserConnectionEnabled=false, nativeEvents=true, acceptSslCerts=true, locationContextEnabled=true, webStorageEnabled=true, browserName=chrome, takesScreenshot=true, javascriptEnabled=true, cssSelectorsEnabled=true}]
Session ID: 25773fb28df9bd8a7e4c06d4e4faa8b9
*** Element info: {Using=css selector, value=div[class='loading']}
	at org.openqa.selenium.remote.ErrorHandler.createThrowable(ErrorHandler.java:206)
	at org.openqa.selenium.remote.ErrorHandler.throwIfResponseFailed(ErrorHandler.java:158)
	at org.openqa.selenium.remote.RemoteWebDriver.execute(RemoteWebDriver.java:647)
	at org.openqa.selenium.remote.RemoteWebDriver.findElement(RemoteWebDriver.java:353)
	at org.openqa.selenium.remote.RemoteWebDriver.findElementByCssSelector(RemoteWebDriver.java:482)
	at org.openqa.selenium.By$ByCssSelector.findElement(By.java:430)
	at org.openqa.selenium.remote.RemoteWebDriver.findElement(RemoteWebDriver.java:345)
	at com.main.HECustomLibraries.attach(HECustomLibraries.java:262)
	at com.test.Attach_mail_and_Verify_In_NS.attach_and_Verify(Attach_mail_and_Verify_In_NS.java:66)
	at com.test.Attach_mail_and_Verify_In_NS.attach_To_Multiple_RecordsFrom_ContextualList_With_Attachments(Attach_mail_and_Verify_In_NS.java:128)
... Removed 28 stack frames]]>
    </failure>
  </testcase> <!-- attach_To_Multiple_RecordsFrom_ContextualList_With_Attachments -->
  <testcase name="attach_To_Multiple_RecordsFrom_ContextualList_Without_Attachments" time="132.207" classname="com.test.Attach_mail_and_Verify_In_NS">
    <failure type="org.openqa.selenium.NoSuchElementException" message="no such element: Unable to locate element: {&amp;quot;method&amp;quot;:&amp;quot;css selector&amp;quot;,&amp;quot;selector&amp;quot;:&amp;quot;div[class=&amp;apos;loading&amp;apos;]&amp;quot;}
  (Session info: chrome=51.0.2704.84)
  (Driver info: chromedriver=2.20.353145 (343b531d31eeb933ec778dbcf7081628a1396067),platform=Windows NT 6.3 x86_64) (WARNING: The server did not provide any stacktrace information)
Command duration or timeout: 20.01 seconds
For documentation on this error, please visit: http://seleniumhq.org/exceptions/no_such_element.html
Build info: version: &amp;apos;2.48.2&amp;apos;, revision: &amp;apos;41bccdd&amp;apos;, time: &amp;apos;2015-10-09 19:59:12&amp;apos;
System info: host: &amp;apos;7BZL4Z1&amp;apos;, ip: &amp;apos;192.168.1.15&amp;apos;, os.name: &amp;apos;Windows 8.1&amp;apos;, os.arch: &amp;apos;amd64&amp;apos;, os.version: &amp;apos;6.3&amp;apos;, java.version: &amp;apos;1.8.0_91&amp;apos;
Driver info: org.openqa.selenium.chrome.ChromeDriver
Capabilities [{applicationCacheEnabled=false, rotatable=false, mobileEmulationEnabled=false, chrome={userDataDir=C:\Users\Mazhar_2\AppData\Local\Temp\scoped_dir2416_31645}, takesHeapSnapshot=true, databaseEnabled=false, handlesAlerts=true, hasTouchScreen=false, version=51.0.2704.84, platform=WIN8_1, browserConnectionEnabled=false, nativeEvents=true, acceptSslCerts=true, locationContextEnabled=true, webStorageEnabled=true, browserName=chrome, takesScreenshot=true, javascriptEnabled=true, cssSelectorsEnabled=true}]
Session ID: 25773fb28df9bd8a7e4c06d4e4faa8b9
*** Element info: {Using=css selector, value=div[class=&amp;apos;loading&amp;apos;]}">
      <![CDATA[org.openqa.selenium.NoSuchElementException: no such element: Unable to locate element: {"method":"css selector","selector":"div[class='loading']"}
  (Session info: chrome=51.0.2704.84)
  (Driver info: chromedriver=2.20.353145 (343b531d31eeb933ec778dbcf7081628a1396067),platform=Windows NT 6.3 x86_64) (WARNING: The server did not provide any stacktrace information)
Command duration or timeout: 20.01 seconds
For documentation on this error, please visit: http://seleniumhq.org/exceptions/no_such_element.html
Build info: version: '2.48.2', revision: '41bccdd', time: '2015-10-09 19:59:12'
System info: host: '7BZL4Z1', ip: '192.168.1.15', os.name: 'Windows 8.1', os.arch: 'amd64', os.version: '6.3', java.version: '1.8.0_91'
Driver info: org.openqa.selenium.chrome.ChromeDriver
Capabilities [{applicationCacheEnabled=false, rotatable=false, mobileEmulationEnabled=false, chrome={userDataDir=C:\Users\Mazhar_2\AppData\Local\Temp\scoped_dir2416_31645}, takesHeapSnapshot=true, databaseEnabled=false, handlesAlerts=true, hasTouchScreen=false, version=51.0.2704.84, platform=WIN8_1, browserConnectionEnabled=false, nativeEvents=true, acceptSslCerts=true, locationContextEnabled=true, webStorageEnabled=true, browserName=chrome, takesScreenshot=true, javascriptEnabled=true, cssSelectorsEnabled=true}]
Session ID: 25773fb28df9bd8a7e4c06d4e4faa8b9
*** Element info: {Using=css selector, value=div[class='loading']}
	at org.openqa.selenium.remote.ErrorHandler.createThrowable(ErrorHandler.java:206)
	at org.openqa.selenium.remote.ErrorHandler.throwIfResponseFailed(ErrorHandler.java:158)
	at org.openqa.selenium.remote.RemoteWebDriver.execute(RemoteWebDriver.java:647)
	at org.openqa.selenium.remote.RemoteWebDriver.findElement(RemoteWebDriver.java:353)
	at org.openqa.selenium.remote.RemoteWebDriver.findElementByCssSelector(RemoteWebDriver.java:482)
	at org.openqa.selenium.By$ByCssSelector.findElement(By.java:430)
	at org.openqa.selenium.remote.RemoteWebDriver.findElement(RemoteWebDriver.java:345)
	at com.main.HECustomLibraries.attach(HECustomLibraries.java:262)
	at com.test.Attach_mail_and_Verify_In_NS.attach_and_Verify(Attach_mail_and_Verify_In_NS.java:66)
	at com.test.Attach_mail_and_Verify_In_NS.attach_To_Multiple_RecordsFrom_ContextualList_Without_Attachments(Attach_mail_and_Verify_In_NS.java:136)
... Removed 28 stack frames]]>
    </failure>
  </testcase> <!-- attach_To_Multiple_RecordsFrom_ContextualList_Without_Attachments -->
</testsuite> <!-- Regression suite 1 -->
